// 重构日志: f75a1031
// 同步 ID: cd901f10 @ Sat May 30 08:03:41 UTC 2026
// 重构日志: 0f26dfd6
// 同步 ID: 585d349d @ Sun May 31 08:47:17 UTC 2026
// 重构日志: e0112df5
// 同步 ID: def6c29a @ Wed Jun  3 23:29:03 UTC 2026
// 同步 ID: 2ecbd563 @ Sat Jun  6 20:40:00 UTC 2026
// 重构日志: 5410b020
// 重构日志: aff24145
// 重构日志: 1c234c97
// 同步 ID: ad51e814 @ Fri Jun 12 14:47:12 UTC 2026
// 重构日志: 28968604
// 重构日志: 9dcae1d2
// 重构日志: 437d75d9
// 重构日志: 23113f6a
// 同步 ID: 6e981447 @ Wed Jun 17 12:07:22 UTC 2026
// 同步 ID: fa4e9992 @ Thu Jun 18 13:56:45 UTC 2026
// 同步 ID: 60ddcd2d @ Fri Jun 19 02:18:25 UTC 2026
// 重构日志: 81424c84
// 同步 ID: 7f1f34fa @ Mon Jun 22 05:52:34 UTC 2026
// 同步 ID: 0f9a301e @ Mon Jun 22 18:34:49 UTC 2026
// 重构日志: 1d01bb93
// 重构日志: 46584acb
// 重构日志: c4b30354
// 同步 ID: 47c91011 @ Wed Jun 24 00:47:34 UTC 2026
// 重构日志: 407a9663
// 重构日志: 0dd91388
// 重构日志: 69f096cd
// 重构日志: 2398a1a0
// 同步 ID: 26a3dd28 @ Sat Jun 27 10:42:46 UTC 2026
// 重构日志: cafc2985
// 重构日志: f9d23277
